<?xml version="1.0" encoding="UTF-8"?>
<Site BuildName="(empty)"
	BuildStamp="20240803-0922-Experimental"
	Name="nikita-desktop"
	Generator="ctest-3.25.2"
	CompilerName="/usr/bin/c++"
	CompilerVersion="9.4.0"
	OSName="Linux"
	Hostname="nikita-desktop"
	OSRelease="5.15.0-113-generic"
	OSVersion="#123~20.04.1-Ubuntu SMP Wed Jun 12 17:33:13 UTC 2024"
	OSPlatform="x86_64"
	Is64Bits="1"
	VendorString="AuthenticAMD"
	VendorID="Advanced Micro Devices"
	FamilyID="23"
	ModelID="24"
	ProcessorCacheSize="512"
	NumberOfLogicalCPU="8"
	NumberOfPhysicalCPU="4"
	TotalVirtualMemory="2047"
	TotalPhysicalMemory="15910"
	LogicalProcessorsPerPhysical="2"
	ProcessorClockFrequency="3974.94"
	>
	<Testing>
		<StartDateTime>Aug 03 16:22 +07</StartDateTime>
		<StartTestTime>1722676959</StartTestTime>
		<TestList/>
		<EndDateTime>Aug 03 16:22 +07</EndDateTime>
		<EndTestTime>1722676959</EndTestTime>
		<ElapsedMinutes>0</ElapsedMinutes>
	</Testing>
</Site>
