<?xml version="1.0" encoding="UTF-8"?>
<Site BuildName="(empty)"
	BuildStamp="20240612-1246-Experimental"
	Name="nikita-desktop"
	Generator="ctest-3.25.2"
	CompilerName="/usr/bin/c++"
	CompilerVersion="9.4.0"
	OSName="Linux"
	Hostname="nikita-desktop"
	OSRelease="5.15.0-107-generic"
	OSVersion="#117~20.04.1-Ubuntu SMP Tue Apr 30 10:35:57 UTC 2024"
	OSPlatform="x86_64"
	Is64Bits="1"
	VendorString="AuthenticAMD"
	VendorID="Advanced Micro Devices"
	FamilyID="23"
	ModelID="24"
	ProcessorCacheSize="512"
	NumberOfLogicalCPU="8"
	NumberOfPhysicalCPU="4"
	TotalVirtualMemory="2047"
	TotalPhysicalMemory="15910"
	LogicalProcessorsPerPhysical="2"
	ProcessorClockFrequency="3948.07"
	>
	<Testing>
		<StartDateTime>Jun 12 19:46 +07</StartDateTime>
		<StartTestTime>1718196383</StartTestTime>
		<TestList/>
		<EndDateTime>Jun 12 19:46 +07</EndDateTime>
		<EndTestTime>1718196383</EndTestTime>
		<ElapsedMinutes>0</ElapsedMinutes>
	</Testing>
</Site>
